1491042356503	geckodriver	INFO	Listening on 127.0.0.1:65024
1491042358549	mozprofile::profile	INFO	Using profile path C:\Users\dodo\AppData\Local\Temp\rust_mozprofile.FmdJiEOenHMp
1491042358553	geckodriver::marionette	INFO	Starting browser D:\Program Files\Mozilla Firefox\firefox.exe
1491042358564	geckodriver::marionette	INFO	Connecting to Marionette on localhost:65030
1491042359974	Marionette	INFO	Listening on port 65030
1491042361199	Marionette	WARN	TLS certificate errors will be ignored for this session
1491042362632	Marionette	WARN	Using deprecated data structure for setting timeouts
*************************
A coding exception was thrown and uncaught in a Task.

Full message: TypeError: can't access dead object
Full stack: find_@chrome://marionette/content/element.js:279:7
element.find/</findElements<@chrome://marionette/content/element.js:250:15
implicitlyWaitFor/</elementSearch@chrome://marionette/content/element.js:594:15

*************************
*************************
A coding exception was thrown and uncaught in a Task.

Full message: TypeError: can't access dead object
Full stack: find_@chrome://marionette/content/element.js:279:7
element.find/</findElements<@chrome://marionette/content/element.js:250:15
implicitlyWaitFor/</elementSearch@chrome://marionette/content/element.js:594:15

*************************
Marionette threw an error: [Exception... "Component returned failure code: 0x80070057 (NS_ERROR_ILLEGAL_VALUE) [nsIMessageSender.sendAsyncMessage]"  nsresult: "0x80070057 (NS_ERROR_ILLEGAL_VALUE)"  location: "JS frame :: chrome://marionette/content/proxy.js :: sendReply_ :: line 195"  data: no]
sendReply_@chrome://marionette/content/proxy.js:195:5
reply@chrome://marionette/content/proxy.js:175:7
sendToServer@chrome://marionette/content/listener.js:440:3
sendError@chrome://marionette/content/listener.js:474:3
dispatch/</<@chrome://marionette/content/listener.js:202:40
Handler.prototype.process@resource://gre/modules/Promise.jsm -> resource://gre/modules/Promise-backend.js:935:21
this.PromiseWalker.walkerLoop@resource://gre/modules/Promise.jsm -> resource://gre/modules/Promise-backend.js:813:7
this.PromiseWalker.scheduleWalkerLoop/<@resource://gre/modules/Promise.jsm -> resource://gre/modules/Promise-backend.js:747:11

